<?xml version="1.0" encoding="UTF-8"?>
<testng-results skipped="0" failed="0" ignored="0" total="0" passed="0">
  <reporter-output>
  </reporter-output>
  <suite name="cucumber_Runner.TestRunner" duration-ms="16" started-at="2022-05-17T17:01:09 ICT" finished-at="2022-05-17T17:01:09 ICT">
    <groups>
    </groups>
    <test name="Command line test" duration-ms="16" started-at="2022-05-17T17:01:09 ICT" finished-at="2022-05-17T17:01:09 ICT">
    </test> <!-- Command line test -->
  </suite> <!-- cucumber_Runner.TestRunner -->
</testng-results>
