<?xml version="1.0" encoding="UTF-8"?>
<testng-results skipped="0" failed="0" ignored="0" total="1" passed="1">
  <reporter-output>
  </reporter-output>
  <suite name="cucumber_Runner.TestRunner" duration-ms="33587" started-at="2022-05-22T14:47:31 ICT" finished-at="2022-05-22T14:48:05 ICT">
    <groups>
      <group name="cucumber">
        <method signature="AbstractTestNGCucumberTests.runScenario(io.cucumber.testng.PickleWrapper,io.cucumber.testng.FeatureWrapper)[pri:0, instance:cucumber_Runner.TestRunner@27a5f880]" name="runScenario" class="io.cucumber.testng.AbstractTestNGCucumberTests"/>
      </group> <!-- cucumber -->
    </groups>
    <test name="Command line test" duration-ms="33587" started-at="2022-05-22T14:47:31 ICT" finished-at="2022-05-22T14:48:05 ICT">
      <class name="cucumber_Runner.TestRunner">
        <test-method status="PASS" signature="setUpClass(org.testng.ITestContext)[pri:0, instance:cucumber_Runner.TestRunner@27a5f880]" name="setUpClass" is-config="true" duration-ms="1582" started-at="2022-05-22T14:47:31 ICT" finished-at="2022-05-22T14:47:33 ICT">
          <params>
            <param index="0">
              <value>
                <![CDATA[org.testng.TestRunner@89c65d5]]>
              </value>
            </param>
          </params>
          <reporter-output>
          </reporter-output>
        </test-method> <!-- setUpClass -->
        <test-method status="PASS" signature="runScenario(io.cucumber.testng.PickleWrapper,io.cucumber.testng.FeatureWrapper)[pri:0, instance:cucumber_Runner.TestRunner@27a5f880]" name="runScenario" duration-ms="29378" started-at="2022-05-22T14:47:33 ICT" description="Runs Cucumber Scenarios" data-provider="scenarios" finished-at="2022-05-22T14:48:02 ICT">
          <params>
            <param index="0">
              <value>
                <![CDATA["User can set alarm to 05.30AM"]]>
              </value>
            </param>
            <param index="1">
              <value>
                <![CDATA["Alarm"]]>
              </value>
            </param>
          </params>
          <reporter-output>
          </reporter-output>
        </test-method> <!-- runScenario -->
        <test-method status="PASS" signature="tearDownClass()[pri:0, instance:cucumber_Runner.TestRunner@27a5f880]" name="tearDownClass" is-config="true" duration-ms="2559" started-at="2022-05-22T14:48:02 ICT" finished-at="2022-05-22T14:48:05 ICT">
          <reporter-output>
          </reporter-output>
        </test-method> <!-- tearDownClass -->
      </class> <!-- cucumber_Runner.TestRunner -->
    </test> <!-- Command line test -->
  </suite> <!-- cucumber_Runner.TestRunner -->
</testng-results>
